<?xml version="1.0" encoding="UTF-8"?>
<!-- Generated by org.testng.reporters.JUnitReportReporter -->
<testsuite skipped="0" hostname="USER" name="SeleniumAutomation.GroupsInTestNg" tests="2" failures="0" timestamp="30 Mar 2019 21:49:26 GMT" time="0.016" errors="0">
  <testcase name="test1" time="0.016" classname="SeleniumAutomation.GroupsInTestNg"/>
  <testcase name="test2" time="0.000" classname="SeleniumAutomation.GroupsInTestNg"/>
</testsuite> <!-- SeleniumAutomation.GroupsInTestNg -->
