<?xml version="1.0" encoding="UTF-8"?>
<!-- Generated by org.testng.reporters.JUnitReportReporter -->
<testsuite skipped="0" hostname="USER" name="SeleniumAutomation.TestNgPriority" tests="4" failures="0" timestamp="30 Mar 2019 22:10:31 GMT" time="0.024" errors="0">
  <testcase name="method1" time="0.017" classname="SeleniumAutomation.TestNgPriority"/>
  <testcase name="method2" time="0.002" classname="SeleniumAutomation.TestNgPriority"/>
  <testcase name="M2" time="0.002" classname="SeleniumAutomation.TestNgPriority"/>
  <testcase name="M3" time="0.003" classname="SeleniumAutomation.TestNgPriority"/>
</testsuite> <!-- SeleniumAutomation.TestNgPriority -->
